<?xml version="1.0" encoding="UTF-8"?>
<!-- Generated by org.testng.reporters.JUnitXMLReporter -->
<testsuite hostname="JPCs-MacBook-Pro.local" ignored="0" name="Default test" tests="4" failures="0" timestamp="13 Jan 2019 08:14:27 GMT" time="57.039" errors="0">
  <testcase name="TC001_LogInScreen" time="0.676" classname="com.sample.NewTest"/>
  <testcase name="TC002_SignUp" time="15.258" classname="com.sample.NewTest"/>
  <testcase name="TC003_LearnMore" time="1.701" classname="com.sample.NewTest"/>
  <testcase name="TC004_SignIn" time="22.243" classname="com.sample.NewTest"/>
</testsuite> <!-- Default test -->
