<?xml version="1.0" encoding="UTF-8"?>
<!-- Generated by org.testng.reporters.JUnitXMLReporter -->
<testsuite hostname="JPCs-MacBook-Pro.local" ignored="0" name="Default test" tests="4" failures="0" timestamp="10 Jan 2019 09:49:48 GMT" time="58.634" errors="0">
  <testcase name="TC001_LogInScreen" time="0.473" classname="com.sample.NewTest"/>
  <testcase name="TC002_SignUp" time="8.565" classname="com.sample.NewTest"/>
  <testcase name="TC003_SignIn" time="13.465" classname="com.sample.NewTest"/>
  <testcase name="TC004_LearnMore" time="5.75" classname="com.sample.NewTest"/>
</testsuite> <!-- Default test -->
