<?xml version="1.0" encoding="UTF-8"?>
<testng-results skipped="0" failed="0" ignored="0" total="4" passed="4">
  <reporter-output>
  </reporter-output>
  <suite name="Default suite" duration-ms="57039" started-at="2019-01-13T08:13:30Z" finished-at="2019-01-13T08:14:27Z">
    <groups>
    </groups>
    <test name="Default test" duration-ms="57039" started-at="2019-01-13T08:13:30Z" finished-at="2019-01-13T08:14:27Z">
      <class name="com.sample.NewTest">
        <test-method status="PASS" signature="Setup()[pri:0, instance:com.sample.NewTest@3fee9989]" name="Setup" is-config="true" duration-ms="4907" started-at="2019-01-13T08:13:30Z" finished-at="2019-01-13T08:13:35Z">
          <reporter-output>
          </reporter-output>
        </test-method> <!-- Setup -->
        <test-method status="PASS" signature="ResetApp()[pri:0, instance:com.sample.NewTest@3fee9989]" name="ResetApp" is-config="true" duration-ms="2976" started-at="2019-01-13T08:13:35Z" finished-at="2019-01-13T08:13:38Z">
          <reporter-output>
          </reporter-output>
        </test-method> <!-- ResetApp -->
        <test-method status="PASS" signature="TC001_LogInScreen()[pri:0, instance:com.sample.NewTest@3fee9989]" name="TC001_LogInScreen" duration-ms="676" started-at="2019-01-13T08:13:38Z" finished-at="2019-01-13T08:13:39Z">
          <reporter-output>
          </reporter-output>
        </test-method> <!-- TC001_LogInScreen -->
        <test-method status="PASS" signature="ResetApp()[pri:0, instance:com.sample.NewTest@3fee9989]" name="ResetApp" is-config="true" duration-ms="2840" started-at="2019-01-13T08:13:39Z" finished-at="2019-01-13T08:13:42Z">
          <reporter-output>
          </reporter-output>
        </test-method> <!-- ResetApp -->
        <test-method status="PASS" signature="TC002_SignUp()[pri:0, instance:com.sample.NewTest@3fee9989]" name="TC002_SignUp" duration-ms="15258" started-at="2019-01-13T08:13:42Z" finished-at="2019-01-13T08:13:57Z">
          <reporter-output>
          </reporter-output>
        </test-method> <!-- TC002_SignUp -->
        <test-method status="PASS" signature="ResetApp()[pri:0, instance:com.sample.NewTest@3fee9989]" name="ResetApp" is-config="true" duration-ms="3569" started-at="2019-01-13T08:13:57Z" finished-at="2019-01-13T08:14:00Z">
          <reporter-output>
          </reporter-output>
        </test-method> <!-- ResetApp -->
        <test-method status="PASS" signature="TC003_LearnMore()[pri:0, instance:com.sample.NewTest@3fee9989]" name="TC003_LearnMore" duration-ms="1701" started-at="2019-01-13T08:14:00Z" finished-at="2019-01-13T08:14:02Z">
          <reporter-output>
          </reporter-output>
        </test-method> <!-- TC003_LearnMore -->
        <test-method status="PASS" signature="ResetApp()[pri:0, instance:com.sample.NewTest@3fee9989]" name="ResetApp" is-config="true" duration-ms="2842" started-at="2019-01-13T08:14:02Z" finished-at="2019-01-13T08:14:05Z">
          <reporter-output>
          </reporter-output>
        </test-method> <!-- ResetApp -->
        <test-method status="PASS" signature="TC004_SignIn()[pri:0, instance:com.sample.NewTest@3fee9989]" name="TC004_SignIn" duration-ms="22243" started-at="2019-01-13T08:14:05Z" finished-at="2019-01-13T08:14:27Z">
          <reporter-output>
          </reporter-output>
        </test-method> <!-- TC004_SignIn -->
      </class> <!-- com.sample.NewTest -->
    </test> <!-- Default test -->
  </suite> <!-- Default suite -->
</testng-results>
