<?xml version="1.0" encoding="UTF-8"?>
<testng-results skipped="0" failed="1" ignored="0" total="4" passed="3">
  <reporter-output>
  </reporter-output>
  <suite name="Default suite" duration-ms="84634" started-at="2019-01-14T04:44:25Z" finished-at="2019-01-14T04:45:50Z">
    <groups>
    </groups>
    <test name="Default test" duration-ms="84634" started-at="2019-01-14T04:44:25Z" finished-at="2019-01-14T04:45:50Z">
      <class name="com.sample.NewTest">
        <test-method status="PASS" signature="Setup()[pri:0, instance:com.sample.NewTest@3fee9989]" name="Setup" is-config="true" duration-ms="5248" started-at="2019-01-14T04:44:26Z" finished-at="2019-01-14T04:44:31Z">
          <reporter-output>
          </reporter-output>
        </test-method> <!-- Setup -->
        <test-method status="PASS" signature="ResetApp()[pri:0, instance:com.sample.NewTest@3fee9989]" name="ResetApp" is-config="true" duration-ms="3269" started-at="2019-01-14T04:44:31Z" finished-at="2019-01-14T04:44:34Z">
          <reporter-output>
          </reporter-output>
        </test-method> <!-- ResetApp -->
        <test-method status="PASS" signature="TC001_LogInScreen()[pri:0, instance:com.sample.NewTest@3fee9989]" name="TC001_LogInScreen" duration-ms="706" started-at="2019-01-14T04:44:34Z" finished-at="2019-01-14T04:44:35Z">
          <reporter-output>
          </reporter-output>
        </test-method> <!-- TC001_LogInScreen -->
        <test-method status="PASS" signature="ResetApp()[pri:0, instance:com.sample.NewTest@3fee9989]" name="ResetApp" is-config="true" duration-ms="3112" started-at="2019-01-14T04:44:35Z" finished-at="2019-01-14T04:44:38Z">
          <reporter-output>
          </reporter-output>
        </test-method> <!-- ResetApp -->
        <test-method status="PASS" signature="TC002_SignUp()[pri:0, instance:com.sample.NewTest@3fee9989]" name="TC002_SignUp" duration-ms="27741" started-at="2019-01-14T04:44:38Z" finished-at="2019-01-14T04:45:06Z">
          <reporter-output>
          </reporter-output>
        </test-method> <!-- TC002_SignUp -->
        <test-method status="PASS" signature="ResetApp()[pri:0, instance:com.sample.NewTest@3fee9989]" name="ResetApp" is-config="true" duration-ms="3390" started-at="2019-01-14T04:45:06Z" finished-at="2019-01-14T04:45:09Z">
          <reporter-output>
          </reporter-output>
        </test-method> <!-- ResetApp -->
        <test-method status="PASS" signature="TC003_LearnMore()[pri:0, instance:com.sample.NewTest@3fee9989]" name="TC003_LearnMore" duration-ms="10065" started-at="2019-01-14T04:45:09Z" finished-at="2019-01-14T04:45:19Z">
          <reporter-output>
          </reporter-output>
        </test-method> <!-- TC003_LearnMore -->
        <test-method status="PASS" signature="ResetApp()[pri:0, instance:com.sample.NewTest@3fee9989]" name="ResetApp" is-config="true" duration-ms="3330" started-at="2019-01-14T04:45:19Z" finished-at="2019-01-14T04:45:22Z">
          <reporter-output>
          </reporter-output>
        </test-method> <!-- ResetApp -->
        <test-method status="FAIL" signature="TC004_SignIn()[pri:0, instance:com.sample.NewTest@3fee9989]" name="TC004_SignIn" duration-ms="27738" started-at="2019-01-14T04:45:22Z" finished-at="2019-01-14T04:45:50Z">
          <exception class="org.openqa.selenium.NoSuchElementException">
            <message>
              <![CDATA[An element could not be located on the page using the given search parameters.
For documentation on this error, please visit: https://www.seleniumhq.org/exceptions/no_such_element.html
Build info: version: '3.141.59', revision: 'e82be7d358', time: '2018-11-14T08:25:53'
System info: host: 'JPCs-MBP', ip: 'fe80:0:0:0:1ceb:e5b0:69d7:b395%en0', os.name: 'Mac OS X', os.arch: 'x86_64', os.version: '10.14.2', java.version: '1.8.0_192'
Driver info: io.appium.java_client.android.AndroidDriver
Capabilities {app: /Users/kayconde/eclipse-wor..., appActivity: co.tala.MainActivity, appPackage: ph.com.talastg, databaseEnabled: false, desired: {app: /Users/kayconde/eclipse-wor..., appActivity: co.tala.MainActivity, appPackage: ph.com.talastg, deviceName: emulator-5554, platformName: android}, deviceManufacturer: Google, deviceModel: Android SDK built for x86, deviceName: emulator-5554, deviceScreenSize: 1080x1920, deviceUDID: emulator-5554, javascriptEnabled: true, locationContextEnabled: false, networkConnectionEnabled: true, platform: LINUX, platformName: Android, platformVersion: 7.1.1, takesScreenshot: true, warnings: {}, webStorageEnabled: false}
Session ID: f79e29a5-3fa7-454f-a488-7f39b8475695
*** Element info: {Using=id, value=number_edit_text}]]>
            </message>
            <full-stacktrace>
              <![CDATA[org.openqa.selenium.NoSuchElementException: An element could not be located on the page using the given search parameters.
For documentation on this error, please visit: https://www.seleniumhq.org/exceptions/no_such_element.html
Build info: version: '3.141.59', revision: 'e82be7d358', time: '2018-11-14T08:25:53'
System info: host: 'JPCs-MBP', ip: 'fe80:0:0:0:1ceb:e5b0:69d7:b395%en0', os.name: 'Mac OS X', os.arch: 'x86_64', os.version: '10.14.2', java.version: '1.8.0_192'
Driver info: io.appium.java_client.android.AndroidDriver
Capabilities {app: /Users/kayconde/eclipse-wor..., appActivity: co.tala.MainActivity, appPackage: ph.com.talastg, databaseEnabled: false, desired: {app: /Users/kayconde/eclipse-wor..., appActivity: co.tala.MainActivity, appPackage: ph.com.talastg, deviceName: emulator-5554, platformName: android}, deviceManufacturer: Google, deviceModel: Android SDK built for x86, deviceName: emulator-5554, deviceScreenSize: 1080x1920, deviceUDID: emulator-5554, javascriptEnabled: true, locationContextEnabled: false, networkConnectionEnabled: true, platform: LINUX, platformName: Android, platformVersion: 7.1.1, takesScreenshot: true, warnings: {}, webStorageEnabled: false}
Session ID: f79e29a5-3fa7-454f-a488-7f39b8475695
*** Element info: {Using=id, value=number_edit_text}
at sun.reflect.NativeConstructorAccessorImpl.newInstance0(Native Method)
at sun.reflect.NativeConstructorAccessorImpl.newInstance(NativeConstructorAccessorImpl.java:62)
at sun.reflect.DelegatingConstructorAccessorImpl.newInstance(DelegatingConstructorAccessorImpl.java:45)
at java.lang.reflect.Constructor.newInstance(Constructor.java:423)
at org.openqa.selenium.remote.http.W3CHttpResponseCodec.createException(W3CHttpResponseCodec.java:187)
at org.openqa.selenium.remote.http.W3CHttpResponseCodec.decode(W3CHttpResponseCodec.java:122)
at org.openqa.selenium.remote.http.W3CHttpResponseCodec.decode(W3CHttpResponseCodec.java:49)
at org.openqa.selenium.remote.HttpCommandExecutor.execute(HttpCommandExecutor.java:158)
at io.appium.java_client.remote.AppiumCommandExecutor.execute(AppiumCommandExecutor.java:239)
at org.openqa.selenium.remote.RemoteWebDriver.execute(RemoteWebDriver.java:552)
at io.appium.java_client.DefaultGenericMobileDriver.execute(DefaultGenericMobileDriver.java:42)
at io.appium.java_client.AppiumDriver.execute(AppiumDriver.java:1)
at io.appium.java_client.android.AndroidDriver.execute(AndroidDriver.java:1)
at org.openqa.selenium.remote.RemoteWebDriver.findElement(RemoteWebDriver.java:323)
at io.appium.java_client.DefaultGenericMobileDriver.findElement(DefaultGenericMobileDriver.java:62)
at io.appium.java_client.AppiumDriver.findElement(AppiumDriver.java:1)
at io.appium.java_client.android.AndroidDriver.findElement(AndroidDriver.java:1)
at org.openqa.selenium.remote.RemoteWebDriver.findElementById(RemoteWebDriver.java:372)
at io.appium.java_client.DefaultGenericMobileDriver.findElementById(DefaultGenericMobileDriver.java:70)
at io.appium.java_client.AppiumDriver.findElementById(AppiumDriver.java:1)
at io.appium.java_client.android.AndroidDriver.findElementById(AndroidDriver.java:1)
at org.openqa.selenium.By$ById.findElement(By.java:188)
at org.openqa.selenium.remote.RemoteWebDriver.findElement(RemoteWebDriver.java:315)
at io.appium.java_client.DefaultGenericMobileDriver.findElement(DefaultGenericMobileDriver.java:58)
at io.appium.java_client.AppiumDriver.findElement(AppiumDriver.java:1)
at io.appium.java_client.android.AndroidDriver.findElement(AndroidDriver.java:1)
at com.sample.NewTest.TC004_SignIn(NewTest.java:93)
at sun.reflect.NativeMethodAccessorImpl.invoke0(Native Method)
at sun.reflect.NativeMethodAccessorImpl.invoke(NativeMethodAccessorImpl.java:62)
at sun.reflect.DelegatingMethodAccessorImpl.invoke(DelegatingMethodAccessorImpl.java:43)
at java.lang.reflect.Method.invoke(Method.java:498)
at org.testng.internal.MethodInvocationHelper.invokeMethod(MethodInvocationHelper.java:124)
at org.testng.internal.Invoker.invokeMethod(Invoker.java:583)
at org.testng.internal.Invoker.invokeTestMethod(Invoker.java:719)
at org.testng.internal.Invoker.invokeTestMethods(Invoker.java:989)
at org.testng.internal.TestMethodWorker.invokeTestMethods(TestMethodWorker.java:125)
at org.testng.internal.TestMethodWorker.run(TestMethodWorker.java:109)
at org.testng.TestRunner.privateRun(TestRunner.java:648)
at org.testng.TestRunner.run(TestRunner.java:505)
at org.testng.SuiteRunner.runTest(SuiteRunner.java:455)
at org.testng.SuiteRunner.runSequentially(SuiteRunner.java:450)
at org.testng.SuiteRunner.privateRun(SuiteRunner.java:415)
at org.testng.SuiteRunner.run(SuiteRunner.java:364)
at org.testng.SuiteRunnerWorker.runSuite(SuiteRunnerWorker.java:52)
at org.testng.SuiteRunnerWorker.run(SuiteRunnerWorker.java:84)
at org.testng.TestNG.runSuitesSequentially(TestNG.java:1208)
at org.testng.TestNG.runSuitesLocally(TestNG.java:1137)
at org.testng.TestNG.runSuites(TestNG.java:1049)
at org.testng.TestNG.run(TestNG.java:1017)
at org.testng.remote.AbstractRemoteTestNG.run(AbstractRemoteTestNG.java:114)
at org.testng.remote.RemoteTestNG.initAndRun(RemoteTestNG.java:251)
at org.testng.remote.RemoteTestNG.main(RemoteTestNG.java:77)
]]>
            </full-stacktrace>
          </exception> <!-- org.openqa.selenium.NoSuchElementException -->
          <reporter-output>
          </reporter-output>
        </test-method> <!-- TC004_SignIn -->
      </class> <!-- com.sample.NewTest -->
    </test> <!-- Default test -->
  </suite> <!-- Default suite -->
</testng-results>
